TN:
SF:src/app/App.tsx
FN:5,App
FNF:1
FNH:1
FNDA:1,App
DA:2,1
DA:3,1
DA:4,1
DA:6,1
DA:19,1
LF:5
LH:5
BRF:0
BRH:0
end_of_record
TN:
SF:src/app/AppFooter.tsx
FN:3,AppFooter
FNF:1
FNH:1
FNDA:1,AppFooter
DA:3,1
DA:4,1
LF:2
LH:2
BRF:0
BRH:0
end_of_record
TN:
SF:src/app/AppHeader.tsx
FN:4,AppHeader
FN:16,(anonymous_1)
FNF:2
FNH:2
FNDA:1,AppHeader
FNDA:5,(anonymous_1)
DA:2,1
DA:4,1
DA:5,1
DA:12,1
DA:17,5
LF:5
LH:5
BRF:0
BRH:0
end_of_record
TN:
SF:src/app/AppRoutes.tsx
FN:13,AppRoutes
FNF:1
FNH:1
FNDA:1,AppRoutes
DA:2,1
DA:3,1
DA:13,1
DA:14,1
LF:4
LH:4
BRF:0
BRH:0
end_of_record
TN:
SF:src/app/index.ts
FN:1,(anonymous_0)
FN:2,(anonymous_1)
FN:3,(anonymous_2)
FNF:3
FNH:3
FNDA:1,(anonymous_0)
FNDA:1,(anonymous_1)
FNDA:1,(anonymous_2)
DA:1,2
DA:2,2
DA:3,2
LF:3
LH:3
BRF:0
BRH:0
end_of_record
TN:
SF:src/app/pages/About.tsx
FN:4,About
FNF:1
FNH:0
FNDA:0,About
DA:2,1
DA:4,1
DA:5,0
LF:3
LH:2
BRF:0
BRH:0
end_of_record
TN:
SF:src/app/pages/ContactUs.tsx
FN:4,ContactUs
FNF:1
FNH:0
FNDA:0,ContactUs
DA:2,1
DA:4,1
DA:5,0
LF:3
LH:2
BRF:0
BRH:0
end_of_record
TN:
SF:src/app/pages/Listings.tsx
FN:9,Listings
FN:33,(anonymous_1)
FN:37,(anonymous_2)
FN:58,(anonymous_3)
FN:70,(anonymous_4)
FNF:5
FNH:1
FNDA:1,Listings
FNDA:0,(anonymous_1)
FNDA:0,(anonymous_2)
FNDA:0,(anonymous_3)
FNDA:0,(anonymous_4)
DA:1,1
DA:2,1
DA:3,1
DA:9,1
DA:10,1
DA:13,1
DA:33,1
DA:34,0
DA:37,1
DA:38,0
DA:40,1
DA:59,0
DA:71,0
LF:13
LH:9
BRF:0
BRH:0
end_of_record
TN:
SF:src/app/pages/PageNotFound.tsx
FN:4,PageNotFound
FNF:1
FNH:0
FNDA:0,PageNotFound
DA:2,1
DA:4,1
DA:5,0
LF:3
LH:2
BRF:0
BRH:0
end_of_record
TN:
SF:src/app/pages/Rentals.tsx
FN:4,Rentals
FNF:1
FNH:0
FNDA:0,Rentals
DA:2,1
DA:4,1
DA:5,0
LF:3
LH:2
BRF:0
BRH:0
end_of_record
TN:
SF:src/app/pages/Sales.tsx
FN:4,Sales
FNF:1
FNH:0
FNDA:0,Sales
DA:2,1
DA:4,1
DA:5,0
LF:3
LH:2
BRF:0
BRH:0
end_of_record
TN:
SF:src/app/pages/Team.tsx
FN:4,Team
FNF:1
FNH:0
FNDA:0,Team
DA:2,1
DA:4,1
DA:5,0
LF:3
LH:2
BRF:0
BRH:0
end_of_record
TN:
SF:src/app/pages/index.ts
FN:1,(anonymous_0)
FN:2,(anonymous_1)
FN:3,(anonymous_2)
FN:4,(anonymous_3)
FN:5,(anonymous_4)
FN:6,(anonymous_5)
FN:7,(anonymous_6)
FNF:7
FNH:7
FNDA:1,(anonymous_0)
FNDA:1,(anonymous_1)
FNDA:1,(anonymous_2)
FNDA:1,(anonymous_3)
FNDA:1,(anonymous_4)
FNDA:1,(anonymous_5)
FNDA:1,(anonymous_6)
DA:1,2
DA:2,2
DA:3,2
DA:4,2
DA:5,2
DA:6,2
DA:7,2
LF:7
LH:7
BRF:0
BRH:0
end_of_record
TN:
SF:src/common/ListingCard.tsx
FN:9,ListingCard
FNF:1
FNH:0
FNDA:0,ListingCard
DA:2,1
DA:3,1
DA:9,1
DA:10,0
LF:4
LH:3
BRDA:20,0,0,0
BRDA:20,0,1,0
BRDA:26,1,0,0
BRDA:26,1,1,0
BRDA:51,2,0,0
BRDA:51,2,1,0
BRF:6
BRH:0
end_of_record
TN:
SF:src/common/ListingRibbon.tsx
FN:7,ListingRibbon
FNF:1
FNH:0
FNDA:0,ListingRibbon
DA:7,1
DA:8,0
LF:2
LH:1
BRF:0
BRH:0
end_of_record
TN:
SF:src/common/Wrapper.tsx
FN:4,Wrapper
FNF:1
FNH:0
FNDA:0,Wrapper
DA:2,1
DA:4,1
DA:5,0
LF:3
LH:2
BRF:0
BRH:0
end_of_record
TN:
SF:src/common/index.ts
FN:1,(anonymous_0)
FN:2,(anonymous_1)
FN:3,(anonymous_2)
FNF:3
FNH:0
FNDA:0,(anonymous_0)
FNDA:0,(anonymous_1)
FNDA:0,(anonymous_2)
DA:1,1
DA:2,1
DA:3,1
LF:3
LH:3
BRF:0
BRH:0
end_of_record
TN:
SF:src/common/utils.ts
FN:1,formatCurrency
FNF:1
FNH:0
FNDA:0,formatCurrency
DA:1,1
DA:2,0
LF:2
LH:1
BRF:0
BRH:0
end_of_record
